2023-08-01 10:02:22.006  INFO 18112 --- [main] c.s.rest.SpringBootRestApplication       : Starting SpringBootRestApplication on DESKTOP-QQI9MLC with PID 18112 (C:\Users\Pranjali\Documents\workspace-sts-3.9.10.RELEASE\SpringBootRest\target\classes started by Pranjali in C:\Users\Pranjali\Documents\workspace-sts-3.9.10.RELEASE\SpringBootRest)
2023-08-01 10:02:22.030  INFO 18112 --- [main] c.s.rest.SpringBootRestApplication       : No active profile set, falling back to default profiles: default
2023-08-01 10:02:22.330  INFO 18112 --- [main] ationConfigEmbeddedWebApplicationContext : Refreshing org.springframework.boot.context.embedded.AnnotationConfigEmbeddedWebApplicationContext@214b199c: startup date [Tue Aug 01 10:02:22 IST 2023]; root of context hierarchy
2023-08-01 10:02:37.086  INFO 18112 --- [main] s.b.c.e.t.TomcatEmbeddedServletContainer : Tomcat initialized with port(s): 8080 (http)
2023-08-01 10:02:37.405  INFO 18112 --- [main] o.apache.catalina.core.StandardService   : Starting service Tomcat
2023-08-01 10:02:37.439  INFO 18112 --- [main] org.apache.catalina.core.StandardEngine  : Starting Servlet Engine: Apache Tomcat/8.5.14
2023-08-01 10:02:42.124  INFO 18112 --- [localhost-startStop-1] org.apache.jasper.servlet.TldScanner     : At least one JAR was scanned for TLDs yet contained no TLDs. Enable debug logging for this logger for a complete list of JARs that were scanned but no TLDs were found in them. Skipping unneeded JARs during scanning can improve startup time and JSP compilation time.
2023-08-01 10:02:42.155  INFO 18112 --- [localhost-startStop-1] o.a.c.c.C.[Tomcat].[localhost].[/]       : Initializing Spring embedded WebApplicationContext
2023-08-01 10:02:42.157  INFO 18112 --- [localhost-startStop-1] o.s.web.context.ContextLoader            : Root WebApplicationContext: initialization completed in 19836 ms
2023-08-01 10:02:43.645  INFO 18112 --- [localhost-startStop-1] o.s.b.w.servlet.ServletRegistrationBean  : Mapping servlet: 'dispatcherServlet' to [/]
2023-08-01 10:02:43.674  INFO 18112 --- [localhost-startStop-1] o.s.b.w.servlet.FilterRegistrationBean   : Mapping filter: 'characterEncodingFilter' to: [/*]
2023-08-01 10:02:43.676  INFO 18112 --- [localhost-startStop-1] o.s.b.w.servlet.FilterRegistrationBean   : Mapping filter: 'hiddenHttpMethodFilter' to: [/*]
2023-08-01 10:02:43.677  INFO 18112 --- [localhost-startStop-1] o.s.b.w.servlet.FilterRegistrationBean   : Mapping filter: 'httpPutFormContentFilter' to: [/*]
2023-08-01 10:02:43.678  INFO 18112 --- [localhost-startStop-1] o.s.b.w.servlet.FilterRegistrationBean   : Mapping filter: 'requestContextFilter' to: [/*]
2023-08-01 10:03:07.495  INFO 18112 --- [main] j.LocalContainerEntityManagerFactoryBean : Building JPA container EntityManagerFactory for persistence unit 'default'
2023-08-01 10:03:07.686  INFO 18112 --- [main] o.hibernate.jpa.internal.util.LogHelper  : HHH000204: Processing PersistenceUnitInfo [
	name: default
	...]
2023-08-01 10:03:11.633  INFO 18112 --- [main] org.hibernate.Version                    : HHH000412: Hibernate Core {5.0.12.Final}
2023-08-01 10:03:11.775  INFO 18112 --- [main] org.hibernate.cfg.Environment            : HHH000206: hibernate.properties not found
2023-08-01 10:03:11.795  INFO 18112 --- [main] org.hibernate.cfg.Environment            : HHH000021: Bytecode provider name : javassist
2023-08-01 10:03:12.748  INFO 18112 --- [main] o.hibernate.annotations.common.Version   : HCANN000001: Hibernate Commons Annotations {5.0.1.Final}
2023-08-01 10:03:17.391  INFO 18112 --- [main] org.hibernate.dialect.Dialect            : HHH000400: Using dialect: org.hibernate.dialect.MySQL5Dialect
2023-08-01 10:03:34.445  INFO 18112 --- [main] j.LocalContainerEntityManagerFactoryBean : Initialized JPA EntityManagerFactory for persistence unit 'default'
2023-08-01 10:03:37.950  INFO 18112 --- [main] o.h.h.i.QueryTranslatorFactoryInitiator  : HHH000397: Using ASTQueryTranslatorFactory
2023-08-01 10:03:42.625  INFO 18112 --- [main] s.w.s.m.m.a.RequestMappingHandlerAdapter : Looking for @ControllerAdvice: org.springframework.boot.context.embedded.AnnotationConfigEmbeddedWebApplicationContext@214b199c: startup date [Tue Aug 01 10:02:22 IST 2023]; root of context hierarchy
2023-08-01 10:03:42.866  INFO 18112 --- [main] s.w.s.m.m.a.RequestMappingHandlerMapping : Mapped "{[/aliens],methods=[GET]}" onto public java.util.List<com.springboot.rest.model.Alien> com.springboot.rest.AlienController.getAliens()
2023-08-01 10:03:42.874  INFO 18112 --- [main] s.w.s.m.m.a.RequestMappingHandlerMapping : Mapped "{[/alienadd],methods=[POST],consumes=[application/json]}" onto public com.springboot.rest.model.Alien com.springboot.rest.AlienController.addAlienData(com.springboot.rest.model.Alien)
2023-08-01 10:03:42.876  INFO 18112 --- [main] s.w.s.m.m.a.RequestMappingHandlerMapping : Mapped "{[/alien/{aid}],methods=[GET]}" onto public com.springboot.rest.model.Alien com.springboot.rest.AlienController.getAlien(int)
2023-08-01 10:03:42.878  INFO 18112 --- [main] s.w.s.m.m.a.RequestMappingHandlerMapping : Mapped "{[/aliens],methods=[GET],produces=[application/xml]}" onto public java.util.List<com.springboot.rest.model.Alien> com.springboot.rest.AlienController.getAllAliens()
2023-08-01 10:03:42.880  INFO 18112 --- [main] s.w.s.m.m.a.RequestMappingHandlerMapping : Mapped "{[/alien],methods=[POST]}" onto public com.springboot.rest.model.Alien com.springboot.rest.AlienController.addAlien(com.springboot.rest.model.Alien)
2023-08-01 10:03:42.885  INFO 18112 --- [main] s.w.s.m.m.a.RequestMappingHandlerMapping : Mapped "{[/add]}" onto public java.lang.String com.springboot.rest.HomeController.add(int,int,org.springframework.ui.Model)
2023-08-01 10:03:42.887  INFO 18112 --- [main] s.w.s.m.m.a.RequestMappingHandlerMapping : Mapped "{[/]}" onto public java.lang.String com.springboot.rest.HomeController.home()
2023-08-01 10:03:42.888  INFO 18112 --- [main] s.w.s.m.m.a.RequestMappingHandlerMapping : Mapped "{[/getAliens],methods=[GET]}" onto public java.lang.String com.springboot.rest.HomeController.getAlien(org.springframework.ui.Model)
2023-08-01 10:03:42.891  INFO 18112 --- [main] s.w.s.m.m.a.RequestMappingHandlerMapping : Mapped "{[/getAliensByAname],methods=[GET]}" onto public java.lang.String com.springboot.rest.HomeController.getAlienName(java.lang.String,org.springframework.ui.Model)
2023-08-01 10:03:42.892  INFO 18112 --- [main] s.w.s.m.m.a.RequestMappingHandlerMapping : Mapped "{[/addAlien]}" onto public java.lang.String com.springboot.rest.HomeController.addAlien(com.springboot.rest.model.Alien)
2023-08-01 10:03:42.893  INFO 18112 --- [main] s.w.s.m.m.a.RequestMappingHandlerMapping : Mapped "{[/getAliensByName],methods=[GET]}" onto public java.lang.String com.springboot.rest.HomeController.getAlienByName(java.lang.String,org.springframework.ui.Model)
2023-08-01 10:03:42.899  INFO 18112 --- [main] s.w.s.m.m.a.RequestMappingHandlerMapping : Mapped "{[/error]}" onto public org.springframework.http.ResponseEntity<java.util.Map<java.lang.String, java.lang.Object>> org.springframework.boot.autoconfigure.web.BasicErrorController.error(javax.servlet.http.HttpServletRequest)
2023-08-01 10:03:42.901  INFO 18112 --- [main] s.w.s.m.m.a.RequestMappingHandlerMapping : Mapped "{[/error],produces=[text/html]}" onto public org.springframework.web.servlet.ModelAndView org.springframework.boot.autoconfigure.web.BasicErrorController.errorHtml(javax.servlet.http.HttpServletRequest,javax.servlet.http.HttpServletResponse)
2023-08-01 10:03:43.026  INFO 18112 --- [main] o.s.w.s.handler.SimpleUrlHandlerMapping  : Mapped URL path [/webjars/**] onto handler of type [class org.springframework.web.servlet.resource.ResourceHttpRequestHandler]
2023-08-01 10:03:43.027  INFO 18112 --- [main] o.s.w.s.handler.SimpleUrlHandlerMapping  : Mapped URL path [/**] onto handler of type [class org.springframework.web.servlet.resource.ResourceHttpRequestHandler]
2023-08-01 10:03:43.284  INFO 18112 --- [main] o.s.w.s.handler.SimpleUrlHandlerMapping  : Mapped URL path [/**/favicon.ico] onto handler of type [class org.springframework.web.servlet.resource.ResourceHttpRequestHandler]
2023-08-01 10:03:44.616  INFO 18112 --- [main] o.s.j.e.a.AnnotationMBeanExporter        : Registering beans for JMX exposure on startup
2023-08-01 10:03:47.133  INFO 18112 --- [main] s.b.c.e.t.TomcatEmbeddedServletContainer : Tomcat started on port(s): 8080 (http)
2023-08-01 10:03:47.249  INFO 18112 --- [main] c.s.rest.SpringBootRestApplication       : Started SpringBootRestApplication in 89.202 seconds (JVM running for 94.01)
2023-08-01 10:03:47.599  INFO 18112 --- [http-nio-8080-exec-4] o.a.c.c.C.[Tomcat].[localhost].[/]       : Initializing Spring FrameworkServlet 'dispatcherServlet'
2023-08-01 10:03:47.601  INFO 18112 --- [http-nio-8080-exec-4] o.s.web.servlet.DispatcherServlet        : FrameworkServlet 'dispatcherServlet': initialization started
2023-08-01 10:03:47.678  INFO 18112 --- [http-nio-8080-exec-4] o.s.web.servlet.DispatcherServlet        : FrameworkServlet 'dispatcherServlet': initialization completed in 77 ms
2023-08-01 10:03:47.811  INFO 18112 --- [http-nio-8080-exec-4] com.springboot.rest.AspectLogging        : GetAliens is Called.
